INFO:  latexindent.exe version 3.20, 2023-01-01, a script to indent .tex files
       latexindent.exe lives here: C:/Users/noahm/bin/
       Sat Jan 14 17:51:27 2023
       Filename: c:/Users/noahm/OneDrive/Documents/BA3/OS-12X009/TPs/TP03/Slides/segments/__latexindent_temp_1_rappel.tex
INFO:  Processing switches:
       -y|--yaml: YAML settings specified via command line
       -c|--cruft: cruft directory
INFO:  Directory for backup files and c:/Users/noahm/OneDrive/Documents/BA3/OS-12X009/TPs/TP03/Slides//indent.log:
       c:/Users/noahm/OneDrive/Documents/BA3/OS-12X009/TPs/TP03/Slides/
INFO:  YAML settings read: defaultSettings.yaml
       Reading defaultSettings.yaml from C:/Users/noahm/bin/defaultSettings.yaml
       Reading defaultSettings.yaml (2nd attempt) from C:/Users/noahm/bin/../../texmf-dist/scripts/latexindent/defaultSettings.yaml
       and then, if necessary, C:/Users/noahm/bin/LatexIndent/defaultSettings.yaml
INFO:  YAML reading settings
       Home directory is C:\Users\noahm (didn't find a config file, see all posible locations here: https://latexindentpl.readthedocs.io/en/latest/sec-appendices.html#indentconfig-options)
INFO:  YAML settings read: -y switch
       YAML setting: defaultIndent:'    '
       single-quoted string found in -y switch: '    ', substitute to     
       Updating mainSettings with defaultIndent:     
INFO:  Phase 1: searching for objects
INFO:  Phase 2: finding surrounding indentation
INFO:  Phase 3: indenting objects
INFO:  Phase 4: final indentation check
INFO:  Output routine:
       Not outputting to file; see -w and -o switches for more options.
       --------------
INFO:  Please direct all communication/issues to:
        https://github.com/cmhughes/latexindent.pl
